\BOOKMARK [0][-]{section*.1}{Contents}{}% 1
\BOOKMARK [0][-]{section*.2}{List of Figures}{}% 2
\BOOKMARK [0][-]{section*.3}{List of Tables}{}% 3
\BOOKMARK [0][-]{chapter.1}{LabView Basics}{}% 4
\BOOKMARK [1][-]{section.1.1}{Introduction}{chapter.1}% 5
\BOOKMARK [2][-]{subsection.1.1.1}{Additional Resources}{section.1.1}% 6
\BOOKMARK [0][-]{chapter.2}{Theory of Operation}{}% 7
\BOOKMARK [0][-]{chapter.3}{Code Structure}{}% 8
\BOOKMARK [1][-]{section.3.1}{Main VI}{chapter.3}% 9
\BOOKMARK [1][-]{section.3.2}{Custom VI's}{chapter.3}% 10
\BOOKMARK [2][-]{subsection.3.2.1}{Oscilloscope VIs}{section.3.2}% 11
\BOOKMARK [3][-]{subsubsection.3.2.1.1}{LC9310C\137Read.vi}{subsection.3.2.1}% 12
\BOOKMARK [3][-]{subsubsection.3.2.1.2}{LC9310C\137Int.vi}{subsection.3.2.1}% 13
\BOOKMARK [3][-]{subsubsection.3.2.1.3}{LC9310C\137Settings.vi}{subsection.3.2.1}% 14
\BOOKMARK [3][-]{subsubsection.3.2.1.4}{LC9310C\137Single-Wave-Output.vi}{subsection.3.2.1}% 15
\BOOKMARK [3][-]{subsubsection.3.2.1.5}{LC9310C\137Norm-Pad-Hilbert.vi}{subsection.3.2.1}% 16
\BOOKMARK [3][-]{subsubsection.3.2.1.6}{LC9310C-Config-Write-Close.vi}{subsection.3.2.1}% 17
\BOOKMARK [2][-]{subsection.3.2.2}{JSR Pulser/Receiver VIs}{section.3.2}% 18
\BOOKMARK [3][-]{subsubsection.3.2.2.1}{DPR300\137Read.vi}{subsection.3.2.2}% 19
\BOOKMARK [3][-]{subsubsection.3.2.2.2}{DPR300\137Int.vi}{subsection.3.2.2}% 20
\BOOKMARK [3][-]{subsubsection.3.2.2.3}{DPR300\137Settings.vi}{subsection.3.2.2}% 21
\BOOKMARK [3][-]{subsubsection.3.2.2.4}{DPR300-Config-Write-Close.vi}{subsection.3.2.2}% 22
\BOOKMARK [2][-]{subsection.3.2.3}{Ultrasonic Package VIs}{section.3.2}% 23
\BOOKMARK [3][-]{subsubsection.3.2.3.1}{USonic-A-Scan-Config-edit.vi}{subsection.3.2.3}% 24
\BOOKMARK [3][-]{subsubsection.3.2.3.2}{USonic-Gates-edit.vi}{subsection.3.2.3}% 25
\BOOKMARK [3][-]{subsubsection.3.2.3.3}{USonic-FFT.vi}{subsection.3.2.3}% 26
\BOOKMARK [2][-]{subsection.3.2.4}{Math VIs}{section.3.2}% 27
\BOOKMARK [3][-]{subsubsection.3.2.4.1}{Waveform-to-XY-Array.vi}{subsection.3.2.4}% 28
\BOOKMARK [3][-]{subsubsection.3.2.4.2}{Filter\137signal.vi}{subsection.3.2.4}% 29
\BOOKMARK [3][-]{subsubsection.3.2.4.3}{Average-Dynamic-Array.vi}{subsection.3.2.4}% 30
\BOOKMARK [3][-]{subsubsection.3.2.4.4}{FWHM-Poly.vi}{subsection.3.2.4}% 31
\BOOKMARK [2][-]{subsection.3.2.5}{Miscellaneous VIs}{section.3.2}% 32
\BOOKMARK [3][-]{subsubsection.3.2.5.1}{Save-User-Config-File.vi}{subsection.3.2.5}% 33
\BOOKMARK [3][-]{subsubsection.3.2.5.2}{Load-User-Config-File.vi}{subsection.3.2.5}% 34
\BOOKMARK [3][-]{subsubsection.3.2.5.3}{Time-Data.vi}{subsection.3.2.5}% 35
\BOOKMARK [3][-]{subsubsection.3.2.5.4}{Instrument-Error-Handler.vi}{subsection.3.2.5}% 36
\BOOKMARK [0][-]{chapter.4}{Operation}{}% 37
\BOOKMARK [1][-]{section.4.1}{File Management}{chapter.4}% 38
\BOOKMARK [1][-]{section.4.2}{Data Acquisition}{chapter.4}% 39
\BOOKMARK [0][-]{section*.37}{Bibliography}{}% 40
